06/08/2018 19:36:50 ProximusTMGUILogger Logger Info:: Inside Setup Method
06/08/2018 19:36:53 ProximusTMGUILogger Window dimestion :(1051, 806)
06/08/2018 19:36:53 ProximusTMGUILogger Suite is started on Application URL is ## http://13.250.210.161/RenepayIN/
06/08/2018 19:36:58 ProximusTMGUILogger Waiting for the page to load
06/08/2018 19:36:58 ProximusTMGUILogger Application loaded
06/08/2018 19:36:58 ProximusTMGUILogger Inside before class method class Name is : LogInPageTestCase
06/08/2018 19:36:58 ProximusTMGUILogger Testcase name is :::::: tc_renpay01_LoginWithValidCredentials
06/08/2018 19:37:06 ProximusTMGUILogger Get value attribute from Text box 9568989975 Get Text Attribute 
06/08/2018 19:37:09 ProximusTMGUILogger Get value attribute from Text box qwerty11 Get Text Attribute 
06/08/2018 19:37:15 ProximusTMGUILogger Please wait modal alertbox is not visible on webpage
06/08/2018 19:37:24 ProximusTMGUILogger Testcase name is :::::: tc_renpay02_LoginWithInValidCredentials
06/08/2018 19:37:31 ProximusTMGUILogger Get value attribute from Text box WrongEmail@gmail.com Get Text Attribute 
06/08/2018 19:37:34 ProximusTMGUILogger Get value attribute from Text box qwerty11 Get Text Attribute 
06/08/2018 19:37:42 ProximusTMGUILogger Inside before class method class Name is : HomePageTestCase
06/08/2018 19:37:42 ProximusTMGUILogger Validate the application is login or not
06/08/2018 19:37:44 ProximusTMGUILogger URL Param http://13.250.210.161/RenepayIN/
06/08/2018 19:37:46 ProximusTMGUILogger Get value attribute from Text box 9568989975 Get Text Attribute 
06/08/2018 19:37:49 ProximusTMGUILogger Get value attribute from Text box qwerty11 Get Text Attribute 
06/08/2018 19:37:54 ProximusTMGUILogger Please wait modal alertbox is not visible on webpage
06/08/2018 19:37:54 ProximusTMGUILogger Testcase name is :::::: tc_renpay01_UpdateUserProfile
06/08/2018 19:37:54 ProximusTMGUILogger Application is already on home page
06/08/2018 19:38:03 ProximusTMGUILogger Get value attribute from Text box Ericsson171401 Get Text Attribute 
06/08/2018 19:38:26 ProximusTMGUILogger Logger Info:: Inside suiteEndReached Method
06/08/2018 19:38:26 ProximusTMGUILogger Trying to quit webdriver
06/08/2018 19:38:36 ProximusTMGUILogger chartPassed :[{y:2,label:'Login Module Test case ',toolTipContent:'Login Module Test case :2/2'},{y:1,label:'Home Module Test case ',toolTipContent:'Home Module Test case :1/1'}]
06/08/2018 19:38:36 ProximusTMGUILogger chartFailed :[{y:0,label:'Login Module Test case ',toolTipContent:'Login Module Test case :0/2'},{y:0,label:'Home Module Test case ',toolTipContent:'Home Module Test case :0/1'}]
06/08/2018 19:38:36 ProximusTMGUILogger Trying to create dashboard  report
06/08/2018 19:38:37 ProximusTMGUILogger 
===============================================
renpay UI Testing
Total tests run: 3, Failures: 0, Skips: 0
===============================================

